[debug] [2021-10-31T17:41:03.821Z] ----------------------------------------------------------------------
[debug] [2021-10-31T17:41:03.824Z] Command:       C:\Program Files\nodejs\node.exe C:\Users\sejan\AppData\Roaming\npm\node_modules\firebase-tools\lib\bin\firebase.js init
[debug] [2021-10-31T17:41:03.824Z] CLI Version:   9.21.0
[debug] [2021-10-31T17:41:03.825Z] Platform:      win32
[debug] [2021-10-31T17:41:03.825Z] Node Version:  v14.17.6
[debug] [2021-10-31T17:41:03.826Z] Time:          Sun Oct 31 2021 23:41:03 GMT+0600 (Bangladesh Standard Time)
[debug] [2021-10-31T17:41:03.826Z] ----------------------------------------------------------------------
[debug] 
[debug] [2021-10-31T17:41:03.904Z] > command requires scopes: ["email","openid","https://www.googleapis.com/auth/cloudplatformprojects.readonly","https://www.googleapis.com/auth/firebase","https://www.googleapis.com/auth/cloud-platform"]
[debug] [2021-10-31T17:41:03.904Z] > authorizing via signed-in user (sejan7090@gmail.com)
[info] 
     ######## #### ########  ######## ########     ###     ######  ########
     ##        ##  ##     ## ##       ##     ##  ##   ##  ##       ##
     ######    ##  ########  ######   ########  #########  ######  ######
     ##        ##  ##    ##  ##       ##     ## ##     ##       ## ##
     ##       #### ##     ## ######## ########  ##     ##  ######  ########

You're about to initialize a Firebase project in this directory:

  C:\Users\sejan\projects1\assignment-11\live-site

Before we get started, keep in mind:

  * You are initializing within an existing Firebase project directory

